TN:
SF:src/services/slices/auth.ts
FN:30,saveTokens
FN:39,(anonymous_14)
FN:57,(anonymous_17)
FN:73,(anonymous_20)
FN:87,(anonymous_23)
FN:98,(anonymous_26)
FN:113,(anonymous_29)
FN:123,(anonymous_30)
FN:125,(anonymous_31)
FN:128,(anonymous_32)
FN:134,(anonymous_33)
FN:139,(anonymous_34)
FN:142,(anonymous_35)
FN:148,(anonymous_36)
FN:153,(anonymous_37)
FN:156,(anonymous_38)
FN:160,(anonymous_39)
FN:165,(anonymous_40)
FN:168,(anonymous_41)
FN:172,(anonymous_42)
FN:177,(anonymous_43)
FN:189,(anonymous_44)
FN:190,(anonymous_45)
FN:191,(anonymous_46)
FNF:24
FNH:15
FNDA:0,saveTokens
FNDA:0,(anonymous_14)
FNDA:0,(anonymous_17)
FNDA:0,(anonymous_20)
FNDA:0,(anonymous_23)
FNDA:0,(anonymous_26)
FNDA:1,(anonymous_29)
FNDA:1,(anonymous_30)
FNDA:1,(anonymous_31)
FNDA:1,(anonymous_32)
FNDA:1,(anonymous_33)
FNDA:1,(anonymous_34)
FNDA:1,(anonymous_35)
FNDA:1,(anonymous_36)
FNDA:1,(anonymous_37)
FNDA:1,(anonymous_38)
FNDA:1,(anonymous_39)
FNDA:1,(anonymous_40)
FNDA:1,(anonymous_41)
FNDA:1,(anonymous_42)
FNDA:1,(anonymous_43)
FNDA:0,(anonymous_44)
FNDA:0,(anonymous_45)
FNDA:0,(anonymous_46)
DA:1,1
DA:2,1
DA:12,1
DA:22,1
DA:31,0
DA:32,0
DA:35,1
DA:39,0
DA:41,0
DA:42,0
DA:43,0
DA:49,0
DA:53,1
DA:57,0
DA:59,0
DA:60,0
DA:61,0
DA:67,0
DA:71,1
DA:73,0
DA:75,0
DA:76,0
DA:78,0
DA:83,1
DA:87,0
DA:89,0
DA:90,0
DA:92,0
DA:96,1
DA:98,0
DA:100,0
DA:101,0
DA:102,0
DA:104,0
DA:109,1
DA:114,1
DA:115,1
DA:116,1
DA:117,1
DA:118,1
DA:119,1
DA:120,1
DA:124,1
DA:126,1
DA:129,1
DA:130,1
DA:131,1
DA:132,1
DA:135,1
DA:136,1
DA:140,1
DA:143,1
DA:144,1
DA:145,1
DA:146,1
DA:149,1
DA:150,1
DA:154,1
DA:157,1
DA:158,1
DA:161,1
DA:162,1
DA:166,1
DA:169,1
DA:170,1
DA:173,1
DA:174,1
DA:178,1
DA:179,1
DA:180,1
DA:181,1
DA:186,1
DA:187,1
DA:189,1
DA:190,1
DA:191,1
LF:76
LH:51
BRF:0
BRH:0
end_of_record
TN:
SF:src/services/slices/constructor.ts
FN:27,(anonymous_15)
FN:31,(anonymous_18)
FN:44,(anonymous_19)
FN:48,(anonymous_20)
FN:56,(anonymous_21)
FN:63,(anonymous_22)
FN:70,(anonymous_23)
FN:73,(anonymous_24)
FN:79,(anonymous_25)
FN:81,(anonymous_26)
FN:85,(anonymous_27)
FN:91,(anonymous_28)
FN:107,(anonymous_29)
FN:108,(anonymous_30)
FN:110,(anonymous_31)
FN:112,(anonymous_32)
FNF:16
FNH:10
FNDA:0,(anonymous_15)
FNDA:0,(anonymous_18)
FNDA:1,(anonymous_19)
FNDA:1,(anonymous_20)
FNDA:1,(anonymous_21)
FNDA:1,(anonymous_22)
FNDA:1,(anonymous_23)
FNDA:1,(anonymous_24)
FNDA:1,(anonymous_25)
FNDA:1,(anonymous_26)
FNDA:1,(anonymous_27)
FNDA:1,(anonymous_28)
FNDA:0,(anonymous_29)
FNDA:0,(anonymous_30)
FNDA:0,(anonymous_31)
FNDA:0,(anonymous_32)
DA:1,1
DA:2,1
DA:3,1
DA:15,1
DA:23,1
DA:27,0
DA:28,0
DA:29,0
DA:30,0
DA:31,0
DA:33,0
DA:34,0
DA:36,0
DA:40,1
DA:45,1
DA:49,1
DA:60,1
DA:67,1
DA:68,1
DA:71,1
DA:74,1
DA:75,1
DA:76,1
DA:80,1
DA:82,1
DA:83,1
DA:86,1
DA:87,1
DA:88,1
DA:89,1
DA:92,1
DA:93,1
DA:99,1
DA:105,1
DA:107,1
DA:108,1
DA:109,0
DA:110,1
DA:111,0
DA:112,1
DA:113,0
LF:41
LH:30
BRDA:30,0,0,0
BRF:1
BRH:0
end_of_record
TN:
SF:src/services/slices/feed.ts
FN:26,(anonymous_13)
FN:43,(anonymous_16)
FN:47,(anonymous_17)
FN:50,(anonymous_18)
FN:59,(anonymous_19)
FN:64,(anonymous_20)
FN:66,(anonymous_21)
FN:70,(anonymous_22)
FN:76,(anonymous_23)
FN:86,(anonymous_24)
FN:87,(anonymous_25)
FN:88,(anonymous_26)
FN:89,(anonymous_27)
FN:90,(anonymous_28)
FNF:14
FNH:8
FNDA:0,(anonymous_13)
FNDA:1,(anonymous_16)
FNDA:1,(anonymous_17)
FNDA:1,(anonymous_18)
FNDA:1,(anonymous_19)
FNDA:1,(anonymous_20)
FNDA:1,(anonymous_21)
FNDA:1,(anonymous_22)
FNDA:1,(anonymous_23)
FNDA:0,(anonymous_24)
FNDA:0,(anonymous_25)
FNDA:0,(anonymous_26)
FNDA:0,(anonymous_27)
FNDA:0,(anonymous_28)
DA:1,1
DA:2,1
DA:14,1
DA:22,1
DA:26,0
DA:28,0
DA:29,0
DA:35,0
DA:39,1
DA:44,1
DA:45,1
DA:48,1
DA:54,1
DA:55,1
DA:56,1
DA:57,1
DA:60,1
DA:61,1
DA:65,1
DA:67,1
DA:68,1
DA:71,1
DA:72,1
DA:73,1
DA:74,1
DA:77,1
DA:78,1
DA:83,1
DA:84,1
DA:86,1
DA:87,1
DA:88,1
DA:89,1
DA:90,1
LF:34
LH:30
BRF:0
BRH:0
end_of_record
TN:
SF:src/services/slices/ingredients.ts
FN:22,(anonymous_13)
FN:35,(anonymous_16)
FN:37,(anonymous_17)
FN:43,(anonymous_18)
FN:48,(anonymous_19)
FN:57,(anonymous_20)
FN:58,(anonymous_21)
FN:60,(anonymous_22)
FNF:8
FNH:4
FNDA:0,(anonymous_13)
FNDA:1,(anonymous_16)
FNDA:1,(anonymous_17)
FNDA:1,(anonymous_18)
FNDA:1,(anonymous_19)
FNDA:0,(anonymous_20)
FNDA:0,(anonymous_21)
FNDA:0,(anonymous_22)
DA:1,1
DA:2,1
DA:12,1
DA:18,1
DA:22,0
DA:24,0
DA:25,0
DA:27,0
DA:31,1
DA:36,1
DA:38,1
DA:39,1
DA:44,1
DA:45,1
DA:49,1
DA:50,1
DA:55,1
DA:57,1
DA:58,1
DA:59,0
DA:60,1
DA:61,0
LF:22
LH:16
BRF:0
BRH:0
end_of_record
TN:
SF:src/services/slices/profileOrders.ts
FN:22,(anonymous_13)
FN:34,(anonymous_16)
FN:38,(anonymous_17)
FN:41,(anonymous_18)
FN:45,(anonymous_19)
FN:50,(anonymous_20)
FN:51,(anonymous_21)
FN:55,(anonymous_22)
FN:59,(anonymous_23)
FN:69,(anonymous_24)
FN:70,(anonymous_25)
FN:72,(anonymous_26)
FNF:12
FNH:8
FNDA:0,(anonymous_13)
FNDA:1,(anonymous_16)
FNDA:1,(anonymous_17)
FNDA:1,(anonymous_18)
FNDA:2,(anonymous_19)
FNDA:1,(anonymous_20)
FNDA:1,(anonymous_21)
FNDA:1,(anonymous_22)
FNDA:1,(anonymous_23)
FNDA:0,(anonymous_24)
FNDA:0,(anonymous_25)
FNDA:0,(anonymous_26)
DA:1,1
DA:2,1
DA:12,1
DA:18,1
DA:22,0
DA:24,0
DA:26,0
DA:30,1
DA:35,1
DA:36,1
DA:39,1
DA:42,1
DA:43,1
DA:46,2
DA:47,2
DA:51,1
DA:52,1
DA:53,1
DA:56,1
DA:57,1
DA:60,1
DA:61,1
DA:66,1
DA:67,1
DA:69,1
DA:70,1
DA:71,0
DA:72,1
LF:28
LH:24
BRDA:24,0,0,0
BRF:1
BRH:0
end_of_record
TN:
SF:src/utils/burger-api.ts
FN:6,(anonymous_13)
FN:7,(anonymous_14)
FN:18,(anonymous_15)
FN:28,(anonymous_16)
FN:29,(anonymous_17)
FN:38,(anonymous_18)
FN:40,(anonymous_19)
FN:74,(anonymous_21)
FN:76,(anonymous_22)
FN:77,(anonymous_23)
FN:82,(anonymous_24)
FN:84,(anonymous_25)
FN:85,(anonymous_26)
FN:90,(anonymous_27)
FN:97,(anonymous_28)
FN:107,(anonymous_29)
FN:117,(anonymous_30)
FN:126,(anonymous_31)
FN:132,(anonymous_32)
FN:146,(anonymous_33)
FN:154,(anonymous_34)
FN:155,(anonymous_35)
FN:165,(anonymous_36)
FN:173,(anonymous_37)
FN:174,(anonymous_38)
FN:179,(anonymous_39)
FN:187,(anonymous_40)
FN:188,(anonymous_41)
FN:193,(anonymous_42)
FN:201,(anonymous_43)
FN:202,(anonymous_44)
FN:209,(anonymous_45)
FN:216,(anonymous_46)
FN:226,(anonymous_47)
FN:235,(anonymous_48)
FNF:35
FNH:0
FNDA:0,(anonymous_13)
FNDA:0,(anonymous_14)
FNDA:0,(anonymous_15)
FNDA:0,(anonymous_16)
FNDA:0,(anonymous_17)
FNDA:0,(anonymous_18)
FNDA:0,(anonymous_19)
FNDA:0,(anonymous_21)
FNDA:0,(anonymous_22)
FNDA:0,(anonymous_23)
FNDA:0,(anonymous_24)
FNDA:0,(anonymous_25)
FNDA:0,(anonymous_26)
FNDA:0,(anonymous_27)
FNDA:0,(anonymous_28)
FNDA:0,(anonymous_29)
FNDA:0,(anonymous_30)
FNDA:0,(anonymous_31)
FNDA:0,(anonymous_32)
FNDA:0,(anonymous_33)
FNDA:0,(anonymous_34)
FNDA:0,(anonymous_35)
FNDA:0,(anonymous_36)
FNDA:0,(anonymous_37)
FNDA:0,(anonymous_38)
FNDA:0,(anonymous_39)
FNDA:0,(anonymous_40)
FNDA:0,(anonymous_41)
FNDA:0,(anonymous_42)
FNDA:0,(anonymous_43)
FNDA:0,(anonymous_44)
FNDA:0,(anonymous_45)
FNDA:0,(anonymous_46)
FNDA:0,(anonymous_47)
FNDA:0,(anonymous_48)
DA:1,5
DA:4,5
DA:6,5
DA:7,0
DA:18,5
DA:19,0
DA:28,0
DA:30,0
DA:31,0
DA:33,0
DA:34,0
DA:35,0
DA:38,5
DA:40,0
DA:43,0
DA:44,0
DA:46,0
DA:47,0
DA:48,0
DA:49,0
DA:52,0
DA:53,0
DA:55,0
DA:74,5
DA:75,0
DA:76,0
DA:78,0
DA:79,0
DA:82,5
DA:83,0
DA:84,0
DA:86,0
DA:87,0
DA:90,5
DA:91,0
DA:98,0
DA:99,0
DA:107,5
DA:108,0
DA:118,0
DA:119,0
DA:126,5
DA:127,0
DA:132,0
DA:146,5
DA:147,0
DA:154,0
DA:156,0
DA:157,0
DA:165,5
DA:166,0
DA:173,0
DA:175,0
DA:176,0
DA:179,5
DA:180,0
DA:187,0
DA:189,0
DA:190,0
DA:193,5
DA:194,0
DA:201,0
DA:203,0
DA:204,0
DA:209,5
DA:210,0
DA:216,5
DA:217,0
DA:226,5
DA:227,0
DA:235,0
LF:71
LH:17
BRDA:7,0,0,0
BRDA:7,0,1,0
BRDA:30,1,0,0
BRDA:44,2,0,0
BRDA:44,2,1,0
BRDA:44,2,2,0
BRDA:46,3,0,0
BRDA:48,4,0,0
BRDA:78,5,0,0
BRDA:78,6,0,0
BRDA:78,6,1,0
BRDA:78,7,0,0
BRDA:78,7,1,0
BRDA:86,8,0,0
BRDA:86,9,0,0
BRDA:86,9,1,0
BRDA:86,10,0,0
BRDA:86,10,1,0
BRDA:98,11,0,0
BRDA:98,12,0,0
BRDA:98,12,1,0
BRDA:98,13,0,0
BRDA:98,13,1,0
BRDA:118,14,0,0
BRDA:118,15,0,0
BRDA:118,15,1,0
BRDA:118,16,0,0
BRDA:118,16,1,0
BRDA:156,17,0,0
BRDA:156,18,0,0
BRDA:156,18,1,0
BRDA:156,19,0,0
BRDA:156,19,1,0
BRDA:175,20,0,0
BRDA:175,21,0,0
BRDA:175,21,1,0
BRDA:175,22,0,0
BRDA:175,22,1,0
BRDA:189,23,0,0
BRDA:189,24,0,0
BRDA:189,24,1,0
BRDA:189,25,0,0
BRDA:189,25,1,0
BRDA:203,26,0,0
BRDA:203,27,0,0
BRDA:203,27,1,0
BRDA:203,28,0,0
BRDA:203,28,1,0
BRF:48
BRH:0
end_of_record
TN:
SF:src/utils/cookie.ts
FN:1,getCookie
FN:13,setCookie
FN:45,deleteCookie
FNF:3
FNH:2
FNDA:0,getCookie
FNDA:1,setCookie
FNDA:1,deleteCookie
DA:1,5
DA:2,0
DA:10,0
DA:13,5
DA:16,1
DA:18,1
DA:23,1
DA:24,1
DA:25,1
DA:26,1
DA:27,1
DA:30,1
DA:31,1
DA:33,1
DA:34,1
DA:35,1
DA:36,2
DA:37,2
DA:38,2
DA:39,2
DA:42,1
DA:45,5
DA:46,1
LF:23
LH:21
BRDA:10,0,0,0
BRDA:10,0,1,0
BRDA:16,1,0,0
BRDA:24,2,0,1
BRDA:24,3,0,1
BRDA:24,3,1,1
BRDA:30,4,0,1
BRDA:30,5,0,1
BRDA:30,5,1,1
BRDA:38,6,0,2
BRF:10
BRH:7
end_of_record
